    OpenRGB v0.9+ (git)
    Commit:  from 
    Launched: 20250329_220028
====================================================================================================

56    |Info:    [ResourceManager] Saving detector settings
60    |Info:    [ResourceManager] Initializing HID interfaces: Success
60    |Info:    ------------------------------------------------------
60    |Info:    |               Start device detection               |
60    |Info:    ------------------------------------------------------
69    |Info:    ------------------------------------------------------
69    |Info:    |             Detecting I2C interfaces               |
69    |Info:    ------------------------------------------------------
70    |Info:    [ResourceManager] Registering I2C interface: /dev/i2c-3 Device 1002:73FF Subsystem: 1849:5216
70    |Warning: [i2c_smbus_linux] Failed to read i2c device PCI device ID
70    |Info:    [ResourceManager] Registering I2C interface: /dev/i2c-10 Device 0000:0000 Subsystem: 0000:0000
70    |Info:    [ResourceManager] Registering I2C interface: /dev/i2c-1 Device 0000:0000 Subsystem: 0000:0000
70    |Info:    [ResourceManager] Registering I2C interface: /dev/i2c-8 Device 1002:73FF Subsystem: 1849:5216
70    |Info:    [ResourceManager] Registering I2C interface: /dev/i2c-6 Device 1002:73FF Subsystem: 1849:5216
70    |Info:    [ResourceManager] Registering I2C interface: /dev/i2c-4 Device 1002:73FF Subsystem: 1849:5216
70    |Warning: [i2c_smbus_linux] Failed to read i2c device PCI device ID
70    |Info:    [ResourceManager] Registering I2C interface: /dev/i2c-11 Device 0000:0000 Subsystem: 0000:0000
70    |Info:    [ResourceManager] Registering I2C interface: /dev/i2c-2 Device 0000:0000 Subsystem: 0000:0000
70    |Info:    [ResourceManager] Registering I2C interface: /dev/i2c-0 Device 0000:0000 Subsystem: 0000:0000
70    |Warning: [i2c_smbus_linux] Failed to read i2c device PCI device ID
70    |Info:    [ResourceManager] Registering I2C interface: /dev/i2c-9 Device 0000:0000 Subsystem: 0000:0000
70    |Info:    [ResourceManager] Registering I2C interface: /dev/i2c-7 Device 1002:73FF Subsystem: 1849:5216
70    |Info:    [ResourceManager] Registering I2C interface: /dev/i2c-5 Device 1002:73FF Subsystem: 1849:5216
70    |Info:    [ResourceManager] Registering I2C interface: /dev/i2c-MSFT8000:00 Device 0000:0000 Subsystem: 0000:0000
70    |Info:    [ResourceManager] Registering I2C interface: /dev/i2c-12 Device 8086:7AA3 Subsystem: 1043:8694
70    |Info:    ------------------------------------------------------
70    |Info:    |               Detecting I2C devices                |
70    |Info:    ------------------------------------------------------
6646  |Info:    ------------------------------------------------------
6646  |Info:    |            Detecting I2C DIMM modules              |
6646  |Info:    ------------------------------------------------------
6684  |Info:    ------------------------------------------------------
6684  |Info:    |               Detecting I2C PCI devices            |
6684  |Info:    ------------------------------------------------------
6686  |Info:    ------------------------------------------------------
6686  |Info:    |               Detecting HID devices                |
6686  |Info:    ------------------------------------------------------
6762  |Info:    [ASUS TUF GAMING Z690-PLUS WIFI D4] Registering RGB controller
6762  |Info:    ------------------------------------------------------
6762  |Info:    |            Detecting libusb HID devices            |
6762  |Info:    ------------------------------------------------------
6763  |Info:    ------------------------------------------------------
6763  |Info:    |              Detecting other devices               |
6763  |Info:    ------------------------------------------------------
6775  |Info:    [ResourceManager] Calling Post-detection callbacks
6775  |Info:    ------------------------------------------------------
6775  |Info:    |                Detection completed                 |
6775  |Info:    ------------------------------------------------------
6775  |Dialog:  <h2>Some internal devices may not be detected:</h2><p>One or more I2C or SMBus interfaces failed to initialize.</p><p><b>RGB DRAM modules, some motherboards' onboard RGB lighting, and RGB Graphics Cards, will not be available in OpenRGB</b> without I2C or SMBus.</p><h4>How to fix this:</h4><p>On Linux, this is usually because the i2c-dev module is not loaded.</p><p>You must load the i2c-dev module along with the correct i2c driver for your motherboard. This is usually i2c-piix4 for AMD systems and i2c-i801 for Intel systems.</p><p>See <a href='https://help.openrgb.org/'>help.openrgb.org</a> for additional troubleshooting steps if you keep seeing this message.<br></p><h3>If you are not using internal RGB on a desktop this message is not important to you.</h3>
68902 |Info:    [ResourceManager] Initializing HID interfaces: Success
68902 |Info:    ------------------------------------------------------
68902 |Info:    |               Start device detection               |
68902 |Info:    ------------------------------------------------------
68904 |Info:    ------------------------------------------------------
68904 |Info:    |             Detecting I2C interfaces               |
68904 |Info:    ------------------------------------------------------
68904 |Info:    [ResourceManager] Registering I2C interface: /dev/i2c-3 Device 1002:73FF Subsystem: 1849:5216
68904 |Warning: [i2c_smbus_linux] Failed to read i2c device PCI device ID
68904 |Info:    [ResourceManager] Registering I2C interface: /dev/i2c-10 Device 0000:0000 Subsystem: 0000:0000
68904 |Info:    [ResourceManager] Registering I2C interface: /dev/i2c-1 Device 0000:0000 Subsystem: 0000:0000
68904 |Info:    [ResourceManager] Registering I2C interface: /dev/i2c-8 Device 1002:73FF Subsystem: 1849:5216
68904 |Info:    [ResourceManager] Registering I2C interface: /dev/i2c-6 Device 1002:73FF Subsystem: 1849:5216
68904 |Info:    [ResourceManager] Registering I2C interface: /dev/i2c-4 Device 1002:73FF Subsystem: 1849:5216
68904 |Warning: [i2c_smbus_linux] Failed to read i2c device PCI device ID
68904 |Info:    [ResourceManager] Registering I2C interface: /dev/i2c-11 Device 0000:0000 Subsystem: 0000:0000
68904 |Info:    [ResourceManager] Registering I2C interface: /dev/i2c-2 Device 0000:0000 Subsystem: 0000:0000
68904 |Info:    [ResourceManager] Registering I2C interface: /dev/i2c-0 Device 0000:0000 Subsystem: 0000:0000
68904 |Warning: [i2c_smbus_linux] Failed to read i2c device PCI device ID
68904 |Info:    [ResourceManager] Registering I2C interface: /dev/i2c-9 Device 0000:0000 Subsystem: 0000:0000
68904 |Info:    [ResourceManager] Registering I2C interface: /dev/i2c-7 Device 1002:73FF Subsystem: 1849:5216
68904 |Info:    [ResourceManager] Registering I2C interface: /dev/i2c-5 Device 1002:73FF Subsystem: 1849:5216
68904 |Info:    [ResourceManager] Registering I2C interface: /dev/i2c-MSFT8000:00 Device 0000:0000 Subsystem: 0000:0000
68904 |Info:    [ResourceManager] Registering I2C interface: /dev/i2c-12 Device 8086:7AA3 Subsystem: 1043:8694
68904 |Info:    ------------------------------------------------------
68904 |Info:    |               Detecting I2C devices                |
68904 |Info:    ------------------------------------------------------
75443 |Info:    ------------------------------------------------------
75443 |Info:    |            Detecting I2C DIMM modules              |
75443 |Info:    ------------------------------------------------------
75481 |Info:    ------------------------------------------------------
75482 |Info:    |               Detecting I2C PCI devices            |
75482 |Info:    ------------------------------------------------------
75487 |Info:    ------------------------------------------------------
75487 |Info:    |               Detecting HID devices                |
75487 |Info:    ------------------------------------------------------
75563 |Info:    [ASUS TUF GAMING Z690-PLUS WIFI D4] Registering RGB controller
75563 |Info:    ------------------------------------------------------
75563 |Info:    |            Detecting libusb HID devices            |
75563 |Info:    ------------------------------------------------------
75563 |Info:    ------------------------------------------------------
75563 |Info:    |              Detecting other devices               |
75563 |Info:    ------------------------------------------------------
75566 |Info:    [ResourceManager] Calling Post-detection callbacks
75566 |Info:    ------------------------------------------------------
75566 |Info:    |                Detection completed                 |
75567 |Info:    ------------------------------------------------------
75567 |Dialog:  <h2>Some internal devices may not be detected:</h2><p>One or more I2C or SMBus interfaces failed to initialize.</p><p><b>RGB DRAM modules, some motherboards' onboard RGB lighting, and RGB Graphics Cards, will not be available in OpenRGB</b> without I2C or SMBus.</p><h4>How to fix this:</h4><p>On Linux, this is usually because the i2c-dev module is not loaded.</p><p>You must load the i2c-dev module along with the correct i2c driver for your motherboard. This is usually i2c-piix4 for AMD systems and i2c-i801 for Intel systems.</p><p>See <a href='https://help.openrgb.org/'>help.openrgb.org</a> for additional troubleshooting steps if you keep seeing this message.<br></p><h3>If you are not using internal RGB on a desktop this message is not important to you.</h3>
